Using pre-set license
Built from '2020.3/staging' branch; Version is '2020.3.24f1 (79c78de19888) revision 7980941'; Using compiler version '192528614'; Build Type 'Release'
OS: 'Windows 7  (6.1.0) 64bit Professional' Language: 'en' Physical Memory: 3977 MB
BatchMode: 1, IsHumanControllingUs: 0, StartBugReporterOnCrash: 0, Is64bit: 1, IsPro: 0

COMMAND LINE ARGUMENTS:
C:\Program Files\Unity\Hub\Editor\2020.3.24f1\Editor\Unity.exe
-adb2
-batchMode
-noUpm
-name
AssetImportWorker2
-projectPath
D:/Lines97_UnityTest
-logFile
Logs/AssetImportWorker2.log
-srvPort
55481
Successfully changed project path to: D:/Lines97_UnityTest
D:/Lines97_UnityTest
Using Asset Import Pipeline V2.
Refreshing native plugins compatible for Editor in 52.47 ms, found 3 plugins.
Preloading 0 native plugins for Editor in 0.00 ms.
Initialize engine version: 2020.3.24f1 (79c78de19888)
[Subsystems] Discovering subsystems at path C:/Program Files/Unity/Hub/Editor/2020.3.24f1/Editor/Data/Resources/UnitySubsystems
[Subsystems] Discovering subsystems at path D:/Lines97_UnityTest/Assets
GfxDevice: creating device client; threaded=0
d3d11: CreateDXGIFactory2(...) not found, fallbacking to CreateDXGIFactory1(...).
d3d11: QueryInterface(IDXGIFactory5) failed (80004002).
Direct3D:
    Version:  Direct3D 11.0 [level 11.0]
    Renderer: Intel(R) HD Graphics 4600 (ID=0x416)
    Vendor:   
    VRAM:     1632 MB
    Driver:   10.18.14.5057
Initialize mono
Mono path[0] = 'C:/Program Files/Unity/Hub/Editor/2020.3.24f1/Editor/Data/Managed'
Mono path[1] = 'C:/Program Files/Unity/Hub/Editor/2020.3.24f1/Editor/Data/MonoBleedingEdge/lib/mono/unityjit'
Mono config path = 'C:/Program Files/Unity/Hub/Editor/2020.3.24f1/Editor/Data/MonoBleedingEdge/etc'
Using monoOptions --debugger-agent=transport=dt_socket,embedding=1,server=y,suspend=n,address=127.0.0.1:56652
Begin MonoManager ReloadAssembly
Registering precompiled unity dll's ...
Register platform support module: C:/Program Files/Unity/Hub/Editor/2020.3.24f1/Editor/Data/PlaybackEngines/WindowsStandaloneSupport/UnityEditor.WindowsStandalone.Extensions.dll
Registered in 0.000961 seconds.
Native extension for WindowsStandalone target not found
Refreshing native plugins compatible for Editor in 55.38 ms, found 3 plugins.
Preloading 0 native plugins for Editor in 0.00 ms.
Mono: successfully reloaded assembly
- Completed reload, in  0.791 seconds
Domain Reload Profiling:
	ReloadAssembly (791ms)
		BeginReloadAssembly (80ms)
			ExecutionOrderSort (0ms)
			DisableScriptedObjects (0ms)
			BackupInstance (0ms)
			ReleaseScriptingObjects (0ms)
			CreateAndSetChildDomain (2ms)
		EndReloadAssembly (628ms)
			LoadAssemblies (75ms)
			RebuildTransferFunctionScriptingTraits (0ms)
			SetupTypeCache (193ms)
			ReleaseScriptCaches (0ms)
			RebuildScriptCaches (36ms)
			SetupLoadedEditorAssemblies (247ms)
				LogAssemblyErrors (0ms)
				InitializePlatformSupportModulesInManaged (4ms)
				SetLoadedEditorAssemblies (0ms)
				RefreshPlugins (55ms)
				BeforeProcessingInitializeOnLoad (10ms)
				ProcessInitializeOnLoadAttributes (101ms)
				ProcessInitializeOnLoadMethodAttributes (76ms)
				AfterProcessingInitializeOnLoad (0ms)
				EditorAssembliesLoaded (0ms)
			ExecutionOrderSort2 (0ms)
			AwakeInstancesAfterBackupRestoration (0ms)
Platform modules already initialized, skipping
Registering precompiled user dll's ...
Registered in 0.002414 seconds.
Begin MonoManager ReloadAssembly
Native extension for WindowsStandalone target not found
Refreshing native plugins compatible for Editor in 54.19 ms, found 3 plugins.
Preloading 0 native plugins for Editor in 0.00 ms.
Mono: successfully reloaded assembly
- Completed reload, in  1.294 seconds
Domain Reload Profiling:
	ReloadAssembly (1295ms)
		BeginReloadAssembly (156ms)
			ExecutionOrderSort (0ms)
			DisableScriptedObjects (6ms)
			BackupInstance (0ms)
			ReleaseScriptingObjects (0ms)
			CreateAndSetChildDomain (18ms)
		EndReloadAssembly (1070ms)
			LoadAssemblies (96ms)
			RebuildTransferFunctionScriptingTraits (0ms)
			SetupTypeCache (370ms)
			ReleaseScriptCaches (1ms)
			RebuildScriptCaches (57ms)
			SetupLoadedEditorAssemblies (389ms)
				LogAssemblyErrors (0ms)
				InitializePlatformSupportModulesInManaged (3ms)
				SetLoadedEditorAssemblies (0ms)
				RefreshPlugins (54ms)
				BeforeProcessingInitializeOnLoad (70ms)
				ProcessInitializeOnLoadAttributes (237ms)
				ProcessInitializeOnLoadMethodAttributes (21ms)
				AfterProcessingInitializeOnLoad (3ms)
				EditorAssembliesLoaded (0ms)
			ExecutionOrderSort2 (0ms)
			AwakeInstancesAfterBackupRestoration (8ms)
Platform modules already initialized, skipping
========================================================================
Worker process is ready to serve import requests
Launched and connected shader compiler UnityShaderCompiler.exe after 0.35 seconds
Refreshing native plugins compatible for Editor in 0.76 ms, found 3 plugins.
Preloading 0 native plugins for Editor in 0.00 ms.
Unloading 2215 Unused Serialized files (Serialized files now loaded: 0)
System memory in use before: 96.4 MB.
System memory in use after: 96.5 MB.

Unloading 28 unused Assets to reduce memory usage. Loaded Objects now: 2650.
Total: 6.676960 ms (FindLiveObjects: 0.588709 ms CreateObjectMapping: 0.298049 ms MarkObjects: 5.667862 ms  DeleteObjects: 0.119877 ms)

AssetImportParameters requested are different than current active one (requested -> active):
  custom:framework-win-MediaFoundation: 216162199b28c13a410421893ffa2e32 -> 
  custom:video-decoder-ogg-theora: a1e56fd34408186e4bbccfd4996cb3dc -> 
  custom:container-muxer-webm: aa71ff27fc2769a1b78a27578f13a17b -> 
  custom:container-demuxer-webm: 4f35f7cbe854078d1ac9338744f61a02 -> 
  custom:container-demuxer-ogg: 62fdf1f143b41e24485cea50d1cbac27 -> 
  custom:video-encoder-webm-vp8: eb34c28f22e8b96e1ab97ce403110664 -> 
  custom:video-decoder-webm-vp8: 9c59270c3fd7afecdb556c50c9e8de78 -> 
  custom:audio-decoder-ogg-vorbis: bf7c407c2cedff20999df2af8eb42d56 -> 
  custom:audio-encoder-webm-vorbis: bf7c407c2cedff20999df2af8eb42d56 -> 
========================================================================
Received Import Request.
  path: Assets/Scripts/Config/Ball/BallColorConfig.cs
  artifactKey: Guid(dde80fa4f36a03846b47c012ef1ecabd) Importer(815301076,1909f56bfc062723c751e8b465ee728b)
Start importing Assets/Scripts/Config/Ball/BallColorConfig.cs using Guid(dde80fa4f36a03846b47c012ef1ecabd) Importer(815301076,1909f56bfc062723c751e8b465ee728b)  -> (artifact id: 'd1bb54139e1f4126cca167b08a7e127a') in 0.268009 seconds 
  Import took 0.277908 seconds .

========================================================================
Received Prepare
Registering precompiled user dll's ...
Registered in 0.003573 seconds.
Begin MonoManager ReloadAssembly
Native extension for WindowsStandalone target not found
Refreshing native plugins compatible for Editor in 0.65 ms, found 3 plugins.
Preloading 0 native plugins for Editor in 0.00 ms.
Mono: successfully reloaded assembly
- Completed reload, in  1.348 seconds
Domain Reload Profiling:
	ReloadAssembly (1349ms)
		BeginReloadAssembly (128ms)
			ExecutionOrderSort (0ms)
			DisableScriptedObjects (7ms)
			BackupInstance (0ms)
			ReleaseScriptingObjects (0ms)
			CreateAndSetChildDomain (45ms)
		EndReloadAssembly (1146ms)
			LoadAssemblies (111ms)
			RebuildTransferFunctionScriptingTraits (0ms)
			SetupTypeCache (426ms)
			ReleaseScriptCaches (1ms)
			RebuildScriptCaches (58ms)
			SetupLoadedEditorAssemblies (385ms)
				LogAssemblyErrors (0ms)
				InitializePlatformSupportModulesInManaged (8ms)
				SetLoadedEditorAssemblies (1ms)
				RefreshPlugins (1ms)
				BeforeProcessingInitializeOnLoad (75ms)
				ProcessInitializeOnLoadAttributes (283ms)
				ProcessInitializeOnLoadMethodAttributes (14ms)
				AfterProcessingInitializeOnLoad (3ms)
				EditorAssembliesLoaded (0ms)
			ExecutionOrderSort2 (0ms)
			AwakeInstancesAfterBackupRestoration (11ms)
Platform modules already initialized, skipping
Refreshing native plugins compatible for Editor in 1.04 ms, found 3 plugins.
Preloading 0 native plugins for Editor in 0.00 ms.
Unloading 2204 Unused Serialized files (Serialized files now loaded: 0)
System memory in use before: 95.8 MB.
System memory in use after: 95.9 MB.

Unloading 17 unused Assets to reduce memory usage. Loaded Objects now: 2652.
Total: 5.710558 ms (FindLiveObjects: 0.567772 ms CreateObjectMapping: 0.284912 ms MarkObjects: 4.827084 ms  DeleteObjects: 0.027506 ms)

AssetImportParameters requested are different than current active one (requested -> active):
  custom:framework-win-MediaFoundation: 216162199b28c13a410421893ffa2e32 -> 
  custom:video-decoder-ogg-theora: a1e56fd34408186e4bbccfd4996cb3dc -> 
  custom:container-muxer-webm: aa71ff27fc2769a1b78a27578f13a17b -> 
  custom:container-demuxer-webm: 4f35f7cbe854078d1ac9338744f61a02 -> 
  custom:container-demuxer-ogg: 62fdf1f143b41e24485cea50d1cbac27 -> 
  custom:video-encoder-webm-vp8: eb34c28f22e8b96e1ab97ce403110664 -> 
  custom:video-decoder-webm-vp8: 9c59270c3fd7afecdb556c50c9e8de78 -> 
  custom:audio-decoder-ogg-vorbis: bf7c407c2cedff20999df2af8eb42d56 -> 
  custom:audio-encoder-webm-vorbis: bf7c407c2cedff20999df2af8eb42d56 -> 
========================================================================
Received Prepare
Registering precompiled user dll's ...
Registered in 0.002334 seconds.
Begin MonoManager ReloadAssembly
Native extension for WindowsStandalone target not found
Refreshing native plugins compatible for Editor in 0.73 ms, found 3 plugins.
Preloading 0 native plugins for Editor in 0.00 ms.
Mono: successfully reloaded assembly
- Completed reload, in  1.162 seconds
Domain Reload Profiling:
	ReloadAssembly (1162ms)
		BeginReloadAssembly (109ms)
			ExecutionOrderSort (0ms)
			DisableScriptedObjects (8ms)
			BackupInstance (0ms)
			ReleaseScriptingObjects (0ms)
			CreateAndSetChildDomain (38ms)
		EndReloadAssembly (987ms)
			LoadAssemblies (94ms)
			RebuildTransferFunctionScriptingTraits (0ms)
			SetupTypeCache (374ms)
			ReleaseScriptCaches (1ms)
			RebuildScriptCaches (50ms)
			SetupLoadedEditorAssemblies (320ms)
				LogAssemblyErrors (0ms)
				InitializePlatformSupportModulesInManaged (6ms)
				SetLoadedEditorAssemblies (1ms)
				RefreshPlugins (1ms)
				BeforeProcessingInitializeOnLoad (62ms)
				ProcessInitializeOnLoadAttributes (234ms)
				ProcessInitializeOnLoadMethodAttributes (13ms)
				AfterProcessingInitializeOnLoad (3ms)
				EditorAssembliesLoaded (0ms)
			ExecutionOrderSort2 (0ms)
			AwakeInstancesAfterBackupRestoration (10ms)
Platform modules already initialized, skipping
Refreshing native plugins compatible for Editor in 1.17 ms, found 3 plugins.
Preloading 0 native plugins for Editor in 0.00 ms.
Unloading 2204 Unused Serialized files (Serialized files now loaded: 0)
System memory in use before: 95.8 MB.
System memory in use after: 96.0 MB.

Unloading 17 unused Assets to reduce memory usage. Loaded Objects now: 2654.
Total: 3.726437 ms (FindLiveObjects: 0.269312 ms CreateObjectMapping: 0.114950 ms MarkObjects: 3.317543 ms  DeleteObjects: 0.022169 ms)

AssetImportParameters requested are different than current active one (requested -> active):
  custom:framework-win-MediaFoundation: 216162199b28c13a410421893ffa2e32 -> 
  custom:video-decoder-ogg-theora: a1e56fd34408186e4bbccfd4996cb3dc -> 
  custom:container-muxer-webm: aa71ff27fc2769a1b78a27578f13a17b -> 
  custom:container-demuxer-webm: 4f35f7cbe854078d1ac9338744f61a02 -> 
  custom:container-demuxer-ogg: 62fdf1f143b41e24485cea50d1cbac27 -> 
  custom:video-encoder-webm-vp8: eb34c28f22e8b96e1ab97ce403110664 -> 
  custom:video-decoder-webm-vp8: 9c59270c3fd7afecdb556c50c9e8de78 -> 
  custom:audio-decoder-ogg-vorbis: bf7c407c2cedff20999df2af8eb42d56 -> 
  custom:audio-encoder-webm-vorbis: bf7c407c2cedff20999df2af8eb42d56 -> 
========================================================================
Received Import Request.
  Time since last request: 160.298607 seconds.
  path: Assets/Config/BallColors/New Ball Color Config.asset
  artifactKey: Guid(e8b3b92c8bc683f4db7d2c9199783766) Importer(815301076,1909f56bfc062723c751e8b465ee728b)
Start importing Assets/Config/BallColors/New Ball Color Config.asset using Guid(e8b3b92c8bc683f4db7d2c9199783766) Importer(815301076,1909f56bfc062723c751e8b465ee728b)  -> (artifact id: 'f128158920045ae95e20d58ab8b871b3') in 0.040525 seconds 
  Import took 0.048276 seconds .

========================================================================
Received Import Request.
  Time since last request: 10.275949 seconds.
  path: Assets/Config/BallColors/New Ball Color Config 1.asset
  artifactKey: Guid(1ff501650226fec48b81c2cefb10d938) Importer(815301076,1909f56bfc062723c751e8b465ee728b)
Start importing Assets/Config/BallColors/New Ball Color Config 1.asset using Guid(1ff501650226fec48b81c2cefb10d938) Importer(815301076,1909f56bfc062723c751e8b465ee728b)  -> (artifact id: '1bb8e1449d9ee45a1044a3b18b99f9c5') in 0.005073 seconds 
  Import took 0.012610 seconds .

========================================================================
Received Import Request.
  Time since last request: 2.087347 seconds.
  path: Assets/Config/BallColors/New Ball Color Config 2.asset
  artifactKey: Guid(9658d71968cea1c4d9d5f8c81ad9c48d) Importer(815301076,1909f56bfc062723c751e8b465ee728b)
Start importing Assets/Config/BallColors/New Ball Color Config 2.asset using Guid(9658d71968cea1c4d9d5f8c81ad9c48d) Importer(815301076,1909f56bfc062723c751e8b465ee728b)  -> (artifact id: '777e386edf751961b967de83963465b4') in 0.014894 seconds 
  Import took 0.023834 seconds .

========================================================================
Received Import Request.
  Time since last request: 0.337530 seconds.
  path: Assets/Config/BallColors/New Ball Color Config 3.asset
  artifactKey: Guid(2af39ec38dd98ee4e8935ee2bb38fb30) Importer(815301076,1909f56bfc062723c751e8b465ee728b)
Start importing Assets/Config/BallColors/New Ball Color Config 3.asset using Guid(2af39ec38dd98ee4e8935ee2bb38fb30) Importer(815301076,1909f56bfc062723c751e8b465ee728b)  -> (artifact id: 'a9c65b64b83d6399663db0f6ecc0a2f6') in 0.003159 seconds 
  Import took 0.019308 seconds .

========================================================================
Received Import Request.
  Time since last request: 0.363046 seconds.
  path: Assets/Config/BallColors/New Ball Color Config 4.asset
  artifactKey: Guid(f8668a9d9e700dc49ad23725f184de9f) Importer(815301076,1909f56bfc062723c751e8b465ee728b)
Start importing Assets/Config/BallColors/New Ball Color Config 4.asset using Guid(f8668a9d9e700dc49ad23725f184de9f) Importer(815301076,1909f56bfc062723c751e8b465ee728b)  -> (artifact id: 'b3b336128e2dfcdb9c5958a8bce02686') in 0.087750 seconds 
  Import took 0.098420 seconds .

========================================================================
Received Import Request.
  Time since last request: 0.271410 seconds.
  path: Assets/Config/BallColors/New Ball Color Config 5.asset
  artifactKey: Guid(b620096e154261840add9ae31a1fc246) Importer(815301076,1909f56bfc062723c751e8b465ee728b)
Start importing Assets/Config/BallColors/New Ball Color Config 5.asset using Guid(b620096e154261840add9ae31a1fc246) Importer(815301076,1909f56bfc062723c751e8b465ee728b)  -> (artifact id: '048498758d630a220fc420c48ac3f1eb') in 0.006031 seconds 
  Import took 0.017729 seconds .

========================================================================
Received Import Request.
  Time since last request: 6.984216 seconds.
  path: Assets/Config/BallColors/RedBall.asset
  artifactKey: Guid(1ff501650226fec48b81c2cefb10d938) Importer(815301076,1909f56bfc062723c751e8b465ee728b)
Start importing Assets/Config/BallColors/RedBall.asset using Guid(1ff501650226fec48b81c2cefb10d938) Importer(815301076,1909f56bfc062723c751e8b465ee728b)  -> (artifact id: '5d39648201b7d5499999491ea4644c5d') in 0.028977 seconds 
  Import took 0.038683 seconds .

========================================================================
Received Import Request.
  Time since last request: 6.805481 seconds.
  path: Assets/Config/BallColors/BlueBallConfig.asset
  artifactKey: Guid(9658d71968cea1c4d9d5f8c81ad9c48d) Importer(815301076,1909f56bfc062723c751e8b465ee728b)
Start importing Assets/Config/BallColors/BlueBallConfig.asset using Guid(9658d71968cea1c4d9d5f8c81ad9c48d) Importer(815301076,1909f56bfc062723c751e8b465ee728b)  -> (artifact id: '1cd0df5ada020fc712385ad3681b4d38') in 0.005007 seconds 
  Import took 0.016601 seconds .

========================================================================
Received Import Request.
  Time since last request: 5.001050 seconds.
  path: Assets/Config/BallColors/YellowBallConfig.asset
  artifactKey: Guid(2af39ec38dd98ee4e8935ee2bb38fb30) Importer(815301076,1909f56bfc062723c751e8b465ee728b)
Start importing Assets/Config/BallColors/YellowBallConfig.asset using Guid(2af39ec38dd98ee4e8935ee2bb38fb30) Importer(815301076,1909f56bfc062723c751e8b465ee728b)  -> (artifact id: '91350e6e18a42188443c634c3d9f6184') in 0.118366 seconds 
  Import took 0.125238 seconds .

========================================================================
Received Import Request.
  Time since last request: 3.948375 seconds.
  path: Assets/Config/BallColors/RedBallConfig.asset
  artifactKey: Guid(1ff501650226fec48b81c2cefb10d938) Importer(815301076,1909f56bfc062723c751e8b465ee728b)
Start importing Assets/Config/BallColors/RedBallConfig.asset using Guid(1ff501650226fec48b81c2cefb10d938) Importer(815301076,1909f56bfc062723c751e8b465ee728b)  -> (artifact id: '4e8eb58e38eec5101ae1e2ce1b940090') in 0.002346 seconds 
  Import took 0.016260 seconds .

========================================================================
Received Import Request.
  Time since last request: 5.345079 seconds.
  path: Assets/Config/BallColors/PurpleBallConfig.asset
  artifactKey: Guid(e8b3b92c8bc683f4db7d2c9199783766) Importer(815301076,1909f56bfc062723c751e8b465ee728b)
Start importing Assets/Config/BallColors/PurpleBallConfig.asset using Guid(e8b3b92c8bc683f4db7d2c9199783766) Importer(815301076,1909f56bfc062723c751e8b465ee728b)  -> (artifact id: '54c7b3534b2c5999c73641daa5b3e16f') in 0.002956 seconds 
  Import took 0.019829 seconds .

========================================================================
Received Import Request.
  Time since last request: 26.305361 seconds.
  path: Assets/Config/BallColors/GreenBallConfig.asset
  artifactKey: Guid(f8668a9d9e700dc49ad23725f184de9f) Importer(815301076,1909f56bfc062723c751e8b465ee728b)
Start importing Assets/Config/BallColors/GreenBallConfig.asset using Guid(f8668a9d9e700dc49ad23725f184de9f) Importer(815301076,1909f56bfc062723c751e8b465ee728b)  -> (artifact id: '009263fa1f0eb4aa590c3f30b979f42a') in 0.003554 seconds 
  Import took 0.011383 seconds .

========================================================================
Received Import Request.
  Time since last request: 20.802600 seconds.
  path: Assets/Config/BallColors/BlueBallConfig.asset
  artifactKey: Guid(9658d71968cea1c4d9d5f8c81ad9c48d) Importer(815301076,1909f56bfc062723c751e8b465ee728b)
Start importing Assets/Config/BallColors/BlueBallConfig.asset using Guid(9658d71968cea1c4d9d5f8c81ad9c48d) Importer(815301076,1909f56bfc062723c751e8b465ee728b)  -> (artifact id: 'adda61d191c0398345a6e87d32f706a9') in 0.064436 seconds 
  Import took 0.074691 seconds .

========================================================================
Received Import Request.
  Time since last request: 0.000548 seconds.
  path: Assets/Config/BallColors/RedBallConfig.asset
  artifactKey: Guid(1ff501650226fec48b81c2cefb10d938) Importer(815301076,1909f56bfc062723c751e8b465ee728b)
Start importing Assets/Config/BallColors/RedBallConfig.asset using Guid(1ff501650226fec48b81c2cefb10d938) Importer(815301076,1909f56bfc062723c751e8b465ee728b)  -> (artifact id: '12b35ff052c0640ed404ef92f48ac038') in 0.027725 seconds 
  Import took 0.046669 seconds .

========================================================================
Received Import Request.
  Time since last request: 0.001072 seconds.
  path: Assets/Config/BallColors/YellowBallConfig.asset
  artifactKey: Guid(2af39ec38dd98ee4e8935ee2bb38fb30) Importer(815301076,1909f56bfc062723c751e8b465ee728b)
Start importing Assets/Config/BallColors/YellowBallConfig.asset using Guid(2af39ec38dd98ee4e8935ee2bb38fb30) Importer(815301076,1909f56bfc062723c751e8b465ee728b)  -> (artifact id: '7f90bde7de871e146ea48bee9dd9f648') in 0.002315 seconds 
  Import took 0.010231 seconds .

========================================================================
Received Import Request.
  Time since last request: 0.000249 seconds.
  path: Assets/Config/BallColors/PurpleBallConfig.asset
  artifactKey: Guid(e8b3b92c8bc683f4db7d2c9199783766) Importer(815301076,1909f56bfc062723c751e8b465ee728b)
Start importing Assets/Config/BallColors/PurpleBallConfig.asset using Guid(e8b3b92c8bc683f4db7d2c9199783766) Importer(815301076,1909f56bfc062723c751e8b465ee728b)  -> (artifact id: 'a750efff446e861ca26ea52edaad5d41') in 0.003100 seconds 
  Import took 0.009701 seconds .

========================================================================
Received Import Request.
  Time since last request: 18.712493 seconds.
  path: Assets/Config/BallColors/OrangeBallConfig.asset
  artifactKey: Guid(b620096e154261840add9ae31a1fc246) Importer(815301076,1909f56bfc062723c751e8b465ee728b)
Start importing Assets/Config/BallColors/OrangeBallConfig.asset using Guid(b620096e154261840add9ae31a1fc246) Importer(815301076,1909f56bfc062723c751e8b465ee728b)  -> (artifact id: 'b153959f449548b981157b05d5cdb893') in 0.003358 seconds 
  Import took 0.020432 seconds .

========================================================================
Received Import Request.
  Time since last request: 29.820725 seconds.
  path: Assets/Config/BallColors/BlueBallConfig.asset
  artifactKey: Guid(9658d71968cea1c4d9d5f8c81ad9c48d) Importer(815301076,1909f56bfc062723c751e8b465ee728b)
Start importing Assets/Config/BallColors/BlueBallConfig.asset using Guid(9658d71968cea1c4d9d5f8c81ad9c48d) Importer(815301076,1909f56bfc062723c751e8b465ee728b)  -> (artifact id: 'f55166f8402d7b895a9becbb6e83c874') in 0.004123 seconds 
  Import took 0.018498 seconds .

========================================================================
Received Import Request.
  Time since last request: 0.000258 seconds.
  path: Assets/Config/BallColors/RedBallConfig.asset
  artifactKey: Guid(1ff501650226fec48b81c2cefb10d938) Importer(815301076,1909f56bfc062723c751e8b465ee728b)
Start importing Assets/Config/BallColors/RedBallConfig.asset using Guid(1ff501650226fec48b81c2cefb10d938) Importer(815301076,1909f56bfc062723c751e8b465ee728b)  -> (artifact id: '1d3c216ed7bda91cd448a2c0f5e27798') in 0.001793 seconds 
  Import took 0.006615 seconds .

========================================================================
Received Import Request.
  Time since last request: 0.000912 seconds.
  path: Assets/Config/BallColors/OrangeBallConfig.asset
  artifactKey: Guid(b620096e154261840add9ae31a1fc246) Importer(815301076,1909f56bfc062723c751e8b465ee728b)
Start importing Assets/Config/BallColors/OrangeBallConfig.asset using Guid(b620096e154261840add9ae31a1fc246) Importer(815301076,1909f56bfc062723c751e8b465ee728b)  -> (artifact id: '59cb276347782b5fcc721f089b331dac') in 0.002080 seconds 
  Import took 0.007585 seconds .

========================================================================
Received Import Request.
  Time since last request: 0.000294 seconds.
  path: Assets/Config/BallColors/YellowBallConfig.asset
  artifactKey: Guid(2af39ec38dd98ee4e8935ee2bb38fb30) Importer(815301076,1909f56bfc062723c751e8b465ee728b)
Start importing Assets/Config/BallColors/YellowBallConfig.asset using Guid(2af39ec38dd98ee4e8935ee2bb38fb30) Importer(815301076,1909f56bfc062723c751e8b465ee728b)  -> (artifact id: '55a210e5957b9047f37c58c108d03213') in 0.002048 seconds 
  Import took 0.008681 seconds .

========================================================================
Received Import Request.
  Time since last request: 0.000578 seconds.
  path: Assets/Config/BallColors/GreenBallConfig.asset
  artifactKey: Guid(f8668a9d9e700dc49ad23725f184de9f) Importer(815301076,1909f56bfc062723c751e8b465ee728b)
Start importing Assets/Config/BallColors/GreenBallConfig.asset using Guid(f8668a9d9e700dc49ad23725f184de9f) Importer(815301076,1909f56bfc062723c751e8b465ee728b)  -> (artifact id: '0b0bf66e956390fbbed0fda3b496cf0f') in 0.002121 seconds 
  Import took 0.011793 seconds .

========================================================================
Received Import Request.
  Time since last request: 0.000245 seconds.
  path: Assets/Config/BallColors/PurpleBallConfig.asset
  artifactKey: Guid(e8b3b92c8bc683f4db7d2c9199783766) Importer(815301076,1909f56bfc062723c751e8b465ee728b)
Start importing Assets/Config/BallColors/PurpleBallConfig.asset using Guid(e8b3b92c8bc683f4db7d2c9199783766) Importer(815301076,1909f56bfc062723c751e8b465ee728b)  -> (artifact id: '8a307ccac855bcc1b2d9e3f5460383f1') in 0.002067 seconds 
  Import took 0.008970 seconds .

========================================================================
Received Prepare
Registering precompiled user dll's ...
Registered in 0.002720 seconds.
Begin MonoManager ReloadAssembly
Native extension for WindowsStandalone target not found
Refreshing native plugins compatible for Editor in 0.93 ms, found 3 plugins.
Preloading 0 native plugins for Editor in 0.00 ms.
Mono: successfully reloaded assembly
- Completed reload, in  1.541 seconds
Domain Reload Profiling:
	ReloadAssembly (1542ms)
		BeginReloadAssembly (137ms)
			ExecutionOrderSort (0ms)
			DisableScriptedObjects (9ms)
			BackupInstance (0ms)
			ReleaseScriptingObjects (0ms)
			CreateAndSetChildDomain (47ms)
		EndReloadAssembly (1322ms)
			LoadAssemblies (125ms)
			RebuildTransferFunctionScriptingTraits (0ms)
			SetupTypeCache (499ms)
			ReleaseScriptCaches (2ms)
			RebuildScriptCaches (76ms)
			SetupLoadedEditorAssemblies (437ms)
				LogAssemblyErrors (0ms)
				InitializePlatformSupportModulesInManaged (6ms)
				SetLoadedEditorAssemblies (1ms)
				RefreshPlugins (1ms)
				BeforeProcessingInitializeOnLoad (88ms)
				ProcessInitializeOnLoadAttributes (324ms)
				ProcessInitializeOnLoadMethodAttributes (14ms)
				AfterProcessingInitializeOnLoad (3ms)
				EditorAssembliesLoaded (0ms)
			ExecutionOrderSort2 (0ms)
			AwakeInstancesAfterBackupRestoration (16ms)
Platform modules already initialized, skipping
Refreshing native plugins compatible for Editor in 1.05 ms, found 3 plugins.
Preloading 0 native plugins for Editor in 0.00 ms.
Unloading 2204 Unused Serialized files (Serialized files now loaded: 0)
System memory in use before: 95.9 MB.
System memory in use after: 96.0 MB.

Unloading 17 unused Assets to reduce memory usage. Loaded Objects now: 2656.
Total: 6.369879 ms (FindLiveObjects: 0.553403 ms CreateObjectMapping: 0.300102 ms MarkObjects: 5.480658 ms  DeleteObjects: 0.032432 ms)

AssetImportParameters requested are different than current active one (requested -> active):
  custom:framework-win-MediaFoundation: 216162199b28c13a410421893ffa2e32 -> 
  custom:video-decoder-ogg-theora: a1e56fd34408186e4bbccfd4996cb3dc -> 
  custom:container-muxer-webm: aa71ff27fc2769a1b78a27578f13a17b -> 
  custom:container-demuxer-webm: 4f35f7cbe854078d1ac9338744f61a02 -> 
  custom:container-demuxer-ogg: 62fdf1f143b41e24485cea50d1cbac27 -> 
  custom:video-encoder-webm-vp8: eb34c28f22e8b96e1ab97ce403110664 -> 
  custom:video-decoder-webm-vp8: 9c59270c3fd7afecdb556c50c9e8de78 -> 
  custom:audio-decoder-ogg-vorbis: bf7c407c2cedff20999df2af8eb42d56 -> 
  custom:audio-encoder-webm-vorbis: bf7c407c2cedff20999df2af8eb42d56 -> 
========================================================================
Received Prepare
Registering precompiled user dll's ...
Registered in 0.003773 seconds.
Begin MonoManager ReloadAssembly
Native extension for WindowsStandalone target not found
Refreshing native plugins compatible for Editor in 0.64 ms, found 3 plugins.
Preloading 0 native plugins for Editor in 0.00 ms.
Mono: successfully reloaded assembly
- Completed reload, in  1.568 seconds
Domain Reload Profiling:
	ReloadAssembly (1568ms)
		BeginReloadAssembly (140ms)
			ExecutionOrderSort (0ms)
			DisableScriptedObjects (8ms)
			BackupInstance (0ms)
			ReleaseScriptingObjects (0ms)
			CreateAndSetChildDomain (49ms)
		EndReloadAssembly (1345ms)
			LoadAssemblies (118ms)
			RebuildTransferFunctionScriptingTraits (0ms)
			SetupTypeCache (523ms)
			ReleaseScriptCaches (1ms)
			RebuildScriptCaches (65ms)
			SetupLoadedEditorAssemblies (464ms)
				LogAssemblyErrors (0ms)
				InitializePlatformSupportModulesInManaged (7ms)
				SetLoadedEditorAssemblies (1ms)
				RefreshPlugins (1ms)
				BeforeProcessingInitializeOnLoad (87ms)
				ProcessInitializeOnLoadAttributes (345ms)
				ProcessInitializeOnLoadMethodAttributes (18ms)
				AfterProcessingInitializeOnLoad (5ms)
				EditorAssembliesLoaded (0ms)
			ExecutionOrderSort2 (0ms)
			AwakeInstancesAfterBackupRestoration (12ms)
Platform modules already initialized, skipping
Refreshing native plugins compatible for Editor in 1.01 ms, found 3 plugins.
Preloading 0 native plugins for Editor in 0.00 ms.
Unloading 2204 Unused Serialized files (Serialized files now loaded: 0)
System memory in use before: 95.9 MB.
System memory in use after: 96.0 MB.

Unloading 17 unused Assets to reduce memory usage. Loaded Objects now: 2658.
Total: 6.387122 ms (FindLiveObjects: 0.563256 ms CreateObjectMapping: 0.290249 ms MarkObjects: 5.502006 ms  DeleteObjects: 0.028738 ms)

AssetImportParameters requested are different than current active one (requested -> active):
  custom:framework-win-MediaFoundation: 216162199b28c13a410421893ffa2e32 -> 
  custom:video-decoder-ogg-theora: a1e56fd34408186e4bbccfd4996cb3dc -> 
  custom:container-muxer-webm: aa71ff27fc2769a1b78a27578f13a17b -> 
  custom:container-demuxer-webm: 4f35f7cbe854078d1ac9338744f61a02 -> 
  custom:container-demuxer-ogg: 62fdf1f143b41e24485cea50d1cbac27 -> 
  custom:video-encoder-webm-vp8: eb34c28f22e8b96e1ab97ce403110664 -> 
  custom:video-decoder-webm-vp8: 9c59270c3fd7afecdb556c50c9e8de78 -> 
  custom:audio-decoder-ogg-vorbis: bf7c407c2cedff20999df2af8eb42d56 -> 
  custom:audio-encoder-webm-vorbis: bf7c407c2cedff20999df2af8eb42d56 -> 
========================================================================
Received Prepare
Registering precompiled user dll's ...
Registered in 0.002554 seconds.
Begin MonoManager ReloadAssembly
Native extension for WindowsStandalone target not found
Refreshing native plugins compatible for Editor in 0.69 ms, found 3 plugins.
Preloading 0 native plugins for Editor in 0.00 ms.
Mono: successfully reloaded assembly
- Completed reload, in  1.175 seconds
Domain Reload Profiling:
	ReloadAssembly (1175ms)
		BeginReloadAssembly (110ms)
			ExecutionOrderSort (0ms)
			DisableScriptedObjects (7ms)
			BackupInstance (0ms)
			ReleaseScriptingObjects (0ms)
			CreateAndSetChildDomain (40ms)
		EndReloadAssembly (1000ms)
			LoadAssemblies (92ms)
			RebuildTransferFunctionScriptingTraits (0ms)
			SetupTypeCache (392ms)
			ReleaseScriptCaches (1ms)
			RebuildScriptCaches (50ms)
			SetupLoadedEditorAssemblies (324ms)
				LogAssemblyErrors (0ms)
				InitializePlatformSupportModulesInManaged (5ms)
				SetLoadedEditorAssemblies (1ms)
				RefreshPlugins (1ms)
				BeforeProcessingInitializeOnLoad (60ms)
				ProcessInitializeOnLoadAttributes (242ms)
				ProcessInitializeOnLoadMethodAttributes (13ms)
				AfterProcessingInitializeOnLoad (3ms)
				EditorAssembliesLoaded (0ms)
			ExecutionOrderSort2 (0ms)
			AwakeInstancesAfterBackupRestoration (10ms)
Platform modules already initialized, skipping
Refreshing native plugins compatible for Editor in 14.89 ms, found 3 plugins.
Preloading 0 native plugins for Editor in 0.00 ms.
Unloading 2204 Unused Serialized files (Serialized files now loaded: 0)
System memory in use before: 95.9 MB.
System memory in use after: 96.0 MB.

Unloading 17 unused Assets to reduce memory usage. Loaded Objects now: 2660.
Total: 4.454728 ms (FindLiveObjects: 0.247143 ms CreateObjectMapping: 0.108792 ms MarkObjects: 4.074571 ms  DeleteObjects: 0.022579 ms)

AssetImportParameters requested are different than current active one (requested -> active):
  custom:framework-win-MediaFoundation: 216162199b28c13a410421893ffa2e32 -> 
  custom:video-decoder-ogg-theora: a1e56fd34408186e4bbccfd4996cb3dc -> 
  custom:container-muxer-webm: aa71ff27fc2769a1b78a27578f13a17b -> 
  custom:container-demuxer-webm: 4f35f7cbe854078d1ac9338744f61a02 -> 
  custom:container-demuxer-ogg: 62fdf1f143b41e24485cea50d1cbac27 -> 
  custom:video-encoder-webm-vp8: eb34c28f22e8b96e1ab97ce403110664 -> 
  custom:video-decoder-webm-vp8: 9c59270c3fd7afecdb556c50c9e8de78 -> 
  custom:audio-decoder-ogg-vorbis: bf7c407c2cedff20999df2af8eb42d56 -> 
  custom:audio-encoder-webm-vorbis: bf7c407c2cedff20999df2af8eb42d56 -> 
AssetImportWorkerClient::OnTransportError - code=2 error=End of file
